<?xml version="1.0" encoding="UTF-8"?>
<!-- Generated by org.testng.reporters.JUnitReportReporter -->
<testsuite hostname="lenovo" failures="0" tests="1" name="com.Naukri_Test.TestClass" time="5.235" errors="0" timestamp="2023-04-20T16:36:16 IST" skipped="0">
  <testcase classname="com.Naukri_Test.TestClass" name="TC1" time="5.235"/>
  <system-out/>
</testsuite> <!-- com.Naukri_Test.TestClass -->
