<?xml version="1.0" encoding="UTF-8"?>
<!-- Generated by org.testng.reporters.JUnitReportReporter -->
<testsuite hostname="lenovo" failures="0" tests="1" name="com.fb_project_TestClass.fb_project_TestClass" time="35.537" errors="0" timestamp="2023-05-24T09:07:16 IST" skipped="0">
  <testcase classname="com.fb_project_TestClass.fb_project_TestClass" name="TC01" time="35.537"/>
  <system-out/>
</testsuite> <!-- com.fb_project_TestClass.fb_project_TestClass -->
