<?xml version="1.0" encoding="UTF-8"?>
<!-- Generated by org.testng.reporters.JUnitReportReporter -->
<testsuite hostname="lenovo" failures="0" tests="1" name="TestClass.Test_Class" time="5.751" errors="0" timestamp="2023-05-24T07:51:08 IST" skipped="0">
  <testcase classname="TestClass.Test_Class" name="TC1" time="5.751"/>
  <system-out/>
</testsuite> <!-- TestClass.Test_Class -->
