<?xml version="1.0" encoding="UTF-8"?>
<!-- Generated by org.testng.reporters.JUnitReportReporter -->
<testsuite hostname="lenovo" failures="0" tests="1" name="TestNG.Class1" time="0.012" errors="0" timestamp="2022-11-28T12:51:00 IST" skipped="0">
  <testcase classname="TestNG.Class1" name="TC2" time="0.012"/>
  <system-out>
    <![CDATA[Running TC2]]>
  </system-out>
</testsuite> <!-- TestNG.Class1 -->
