<?xml version="1.0" encoding="UTF-8"?>
<!-- Generated by org.testng.reporters.JUnitReportReporter -->
<testsuite hostname="lenovo" failures="0" tests="2" name="TestNG.Class3" time="12.216" errors="0" timestamp="2022-11-28T13:17:45 IST" skipped="0">
  <testcase classname="TestNG.Class3" name="TC1" time="6.904"/>
  <system-out/>
  <testcase classname="TestNG.Class3" name="TC1" time="5.312"/>
  <system-out/>
</testsuite> <!-- TestNG.Class3 -->
